C:\Program Files\Microsoft Visual Studio\2022\Community\MSBuild\Microsoft\VC\v170\Microsoft.CppBuild.targets(514,5): warning MSB8028: The intermediate directory (x64\Release\) contains files shared from another project (Lab11Proj.vcxproj).  This can lead to incorrect clean and rebuild behavior.
  main.cpp
C:\Users\razvan\Desktop\fac\GP\OpenGL1\main.cpp(156,11): warning C4244: '=': conversion from 'double' to 'float', possible loss of data
C:\Users\razvan\Desktop\fac\GP\OpenGL1\main.cpp(157,11): warning C4244: '=': conversion from 'double' to 'float', possible loss of data
C:\Users\razvan\Desktop\fac\GP\OpenGL1\main.cpp(161,16): warning C4244: 'initializing': conversion from 'double' to 'float', possible loss of data
C:\Users\razvan\Desktop\fac\GP\OpenGL1\main.cpp(162,16): warning C4244: 'initializing': conversion from 'double' to 'float', possible loss of data
C:\Users\razvan\Desktop\fac\GP\OpenGL1\main.cpp(163,10): warning C4244: '=': conversion from 'double' to 'float', possible loss of data
C:\Users\razvan\Desktop\fac\GP\OpenGL1\main.cpp(164,10): warning C4244: '=': conversion from 'double' to 'float', possible loss of data
C:\Users\razvan\Desktop\fac\GP\OpenGL1\main.cpp(356,33): warning C4305: 'argument': truncation from 'double' to 'GLclampf'
  Generating code
  1 of 1823 functions (<0.1%) were compiled, the rest were copied from previous compilation.
    0 functions were new in current compilation
    13 functions had inline decision re-evaluated but remain unchanged
  Finished generating code
LINK : warning LNK4286: symbol '__glewGenBuffers' defined in 'libglew32.lib(glew.obj)' is imported by 'Mesh.obj'
LINK : warning LNK4286: symbol '__glewGenVertexArrays' defined in 'libglew32.lib(glew.obj)' is imported by 'Mesh.obj'
LINK : warning LNK4286: symbol '__glewActiveTexture' defined in 'libglew32.lib(glew.obj)' is imported by 'Mesh.obj'
LINK : warning LNK4286: symbol '__glewBufferData' defined in 'libglew32.lib(glew.obj)' is imported by 'Mesh.obj'
LINK : warning LNK4286: symbol '__glewGetUniformLocation' defined in 'libglew32.lib(glew.obj)' is imported by 'Mesh.obj'
LINK : warning LNK4286: symbol '__glewUniform1i' defined in 'libglew32.lib(glew.obj)' is imported by 'Mesh.obj'
LINK : warning LNK4286: symbol '__glewBindBuffer' defined in 'libglew32.lib(glew.obj)' is imported by 'Mesh.obj'
LINK : warning LNK4286: symbol '__glewVertexAttribPointer' defined in 'libglew32.lib(glew.obj)' is imported by 'Mesh.obj'
LINK : warning LNK4286: symbol '__glewBindVertexArray' defined in 'libglew32.lib(glew.obj)' is imported by 'Mesh.obj'
LINK : warning LNK4286: symbol '__glewEnableVertexAttribArray' defined in 'libglew32.lib(glew.obj)' is imported by 'Mesh.obj'
LINK : warning LNK4286: symbol '__glewDeleteBuffers' defined in 'libglew32.lib(glew.obj)' is imported by 'Model3D.obj'
LINK : warning LNK4286: symbol '__glewGenerateMipmap' defined in 'libglew32.lib(glew.obj)' is imported by 'Model3D.obj'
LINK : warning LNK4286: symbol '__glewDeleteVertexArrays' defined in 'libglew32.lib(glew.obj)' is imported by 'Model3D.obj'
  OpenGL1.vcxproj -> C:\Users\razvan\Desktop\fac\GP\OpenGL1\x64\Release\OpenGL1.exe
